<?xml version="1.0" encoding="UTF-8"?>
<!-- Generated by org.testng.reporters.JUnitXMLReporter -->
<testsuite ignored="0" hostname="DESKTOP-UCEN89R" failures="0" tests="3" name="Excel Test" time="10.664" errors="0" timestamp="2024-03-09T20:33:36 EET">
  <testcase classname="tests.Sheet1" name="negativeTest" time="2.533"/>
  <testcase classname="tests.Sheet1" name="negativeTest" time="2.321"/>
  <testcase classname="tests.Sheet1" name="negativeTest" time="2.328"/>
</testsuite> <!-- Excel Test -->
